<?xml version="1.0" encoding="UTF-8"?>
<!-- Generated by org.testng.reporters.JUnitXMLReporter -->
<testsuite hostname="DESKTOP-2544INI" ignored="2" name="Default test(failed)" tests="1" failures="1" timestamp="15 Nov 2020 15:43:52 GMT" time="0.144" errors="0">
  <testcase name="tc2" time="0.066" classname="org.day4.Asser">
    <failure type="java.lang.AssertionError" message="expected [true] but found [false]">
      <![CDATA[java.lang.AssertionError: expected [true] but found [false]
at org.day4.Asser.tc2(Asser.java:17)
... Removed 29 stack frames]]>
    </failure>
  </testcase> <!-- tc2 -->
  <testcase name="tc3" time="0.0" classname="org.day4.Asser">
    <ignored/>
  </testcase> <!-- tc3 -->
  <testcase name="tc1" time="0.0" classname="org.day4.Asser">
    <ignored/>
  </testcase> <!-- tc1 -->
</testsuite> <!-- Default test(failed) -->
