<?xml version="1.0" encoding="UTF-8"?>
<!-- Generated by org.testng.reporters.JUnitXMLReporter -->
<testsuite hostname="DESKTOP-2544INI" ignored="1" name="Test" tests="2" failures="0" timestamp="16 Nov 2020 12:24:24 GMT" time="0.141" errors="0">
  <testcase name="tc1" time="0.047" classname="org.day4.Asser2"/>
  <testcase name="tc3" time="0.0" classname="org.day4.Asser2"/>
  <testcase name="tc2" time="0.0" classname="org.day4.Asser2">
    <ignored/>
  </testcase> <!-- tc2 -->
</testsuite> <!-- Test -->
