<?xml version="1.0" encoding="UTF-8"?>
<!-- Generated by org.testng.reporters.JUnitXMLReporter -->
<testsuite hostname="DESKTOP-2544INI" ignored="2" name="Default test(failed)(failed)" tests="1" failures="0" timestamp="15 Nov 2020 15:54:59 GMT" time="0.123" errors="0">
  <testcase name="tc2" time="0.061" classname="org.day4.Asser"/>
  <testcase name="tc3" time="0.0" classname="org.day4.Asser">
    <ignored/>
  </testcase> <!-- tc3 -->
  <testcase name="tc1" time="0.0" classname="org.day4.Asser">
    <ignored/>
  </testcase> <!-- tc1 -->
</testsuite> <!-- Default test(failed)(failed) -->
